<?xml version="1.0" encoding="UTF-8" ?>
<testsuites disabled="0" errors="0" failures="0" tests="6" time="34.539">
 <testsuite name="PWA delete Register Client test cases" timestamp="2022-05-17T10:04:52" hostname="localhost" time="15.564" errors="0" tests="1" skipped="0" disabled="0" failures="0">
  <testcase classname="PWA delete Register Client test cases" name="Delete registered client" time="15.558" />
 </testsuite>
 <testsuite name="PWA Register Client test cases" timestamp="2022-05-17T10:05:08" hostname="localhost" time="9.098" errors="0" tests="3" skipped="0" disabled="0" failures="0">
  <testcase classname="PWA Register Client test cases" name="Valid Client Name Registration" time="4.122" />
  <testcase classname="PWA Register Client test cases" name="Invalid Client Name Registration" time="2.278" />
  <testcase classname="PWA Register Client test cases" name="Already Exists Client Name Registration &amp; Rename and register" time="2.693" />
 </testsuite>
 <testsuite name="PWA Login Module test cases - " timestamp="2022-05-17T10:05:17" hostname="localhost" time="9.877" errors="0" tests="2" skipped="0" disabled="0" failures="0">
  <testcase classname="PWA Login Module test cases - " name="Login Success" time="5.506" />
  <testcase classname="PWA Login Module test cases - " name="Invalid username and password" time="4.369" />
 </testsuite>
</testsuites>